0 info it worked if it ends with ok
1 verbose cli [ 'C:\\Program Files\\nodejs\\node.exe',
1 verbose cli   'C:\\Program Files\\nodejs\\node_modules\\npm\\bin\\npm-cli.js',
1 verbose cli   'install',
1 verbose cli   '-S',
1 verbose cli   '.\\pages\\pa\\pageObject\\provideFeedbackPage.ts' ]
2 info using npm@3.10.10
3 info using node@v6.11.2
4 silly loadCurrentTree Starting
5 silly install loadCurrentTree
6 silly install readLocalPackageData
7 silly fetchPackageMetaData .\pages\pa\pageObject\provideFeedbackPage.ts
8 silly fetchOtherPackageData .\pages\pa\pageObject\provideFeedbackPage.ts
9 silly cache add args [ '.\\pages\\pa\\pageObject\\provideFeedbackPage.ts', null ]
10 verbose cache add spec .\pages\pa\pageObject\provideFeedbackPage.ts
11 silly cache add parsed spec Result {
11 silly cache add   raw: '.\\pages\\pa\\pageObject\\provideFeedbackPage.ts',
11 silly cache add   scope: null,
11 silly cache add   escapedName: null,
11 silly cache add   name: null,
11 silly cache add   rawSpec: '.\\pages\\pa\\pageObject\\provideFeedbackPage.ts',
11 silly cache add   spec: 'E:\\Workspace\\Nodejs\\protractor-research\\pages\\pa\\pageObject\\provideFeedbackPage.ts',
11 silly cache add   type: 'local' }
12 silly addLocalTarball shasum (computed) 8053311f5cd8e7a0fae9ff237a0f3e6392b104a1
13 verbose addTmpTarball E:\Workspace\Nodejs\protractor-research\pages\pa\pageObject\provideFeedbackPage.ts not in flight; adding
14 verbose correctMkdir C:\Users\namndoan\AppData\Roaming\npm-cache correctMkdir not in flight; initializing
15 verbose addTmpTarball validating metadata from E:\Workspace\Nodejs\protractor-research\pages\pa\pageObject\provideFeedbackPage.ts
16 verbose tar unpack E:\Workspace\Nodejs\protractor-research\pages\pa\pageObject\provideFeedbackPage.ts
17 verbose tar unpacking to C:\Users\namndoan\AppData\Local\Temp\npm-177488-599d1484\unpack-75a07b69
18 silly gentlyRm C:\Users\namndoan\AppData\Local\Temp\npm-177488-599d1484\unpack-75a07b69 is being purged
19 verbose gentlyRm don't care about contents; nuking C:\Users\namndoan\AppData\Local\Temp\npm-177488-599d1484\unpack-75a07b69
20 silly gunzTarPerm modes [ '777', '666' ]
21 error not a package E:\Workspace\Nodejs\protractor-research\pages\pa\pageObject\provideFeedbackPage.ts
22 error addLocal Could not install E:\Workspace\Nodejs\protractor-research\pages\pa\pageObject\provideFeedbackPage.ts
23 silly fetchPackageMetaData Error: ENOENT: no such file or directory, open 'C:\Users\namndoan\AppData\Local\Temp\npm-177488-599d1484\unpack-75a07b69\package.json'
23 silly fetchPackageMetaData     at Error (native)
23 silly fetchPackageMetaData  error for .\pages\pa\pageObject\provideFeedbackPage.ts { Error: ENOENT: no such file or directory, open 'C:\Users\namndoan\AppData\Local\Temp\npm-177488-599d1484\unpack-75a07b69\package.json'
23 silly fetchPackageMetaData     at Error (native)
23 silly fetchPackageMetaData   errno: -4058,
23 silly fetchPackageMetaData   code: 'ENOENT',
23 silly fetchPackageMetaData   syscall: 'open',
23 silly fetchPackageMetaData   path: 'C:\\Users\\namndoan\\AppData\\Local\\Temp\\npm-177488-599d1484\\unpack-75a07b69\\package.json' }
24 silly rollbackFailedOptional Starting
25 silly rollbackFailedOptional Finishing
26 silly runTopLevelLifecycles Finishing
27 silly install printInstalled
28 verbose stack Error: ENOENT: no such file or directory, open 'C:\Users\namndoan\AppData\Local\Temp\npm-177488-599d1484\unpack-75a07b69\package.json'
28 verbose stack     at Error (native)
29 verbose cwd E:\Workspace\Nodejs\protractor-research
30 error Windows_NT 10.0.15063
31 error argv "C:\\Program Files\\nodejs\\node.exe" "C:\\Program Files\\nodejs\\node_modules\\npm\\bin\\npm-cli.js" "install" "-S" ".\\pages\\pa\\pageObject\\provideFeedbackPage.ts"
32 error node v6.11.2
33 error npm  v3.10.10
34 error path C:\Users\namndoan\AppData\Local\Temp\npm-177488-599d1484\unpack-75a07b69\package.json
35 error code ENOENT
36 error errno -4058
37 error syscall open
38 error enoent ENOENT: no such file or directory, open 'C:\Users\namndoan\AppData\Local\Temp\npm-177488-599d1484\unpack-75a07b69\package.json'
39 error enoent ENOENT: no such file or directory, open 'C:\Users\namndoan\AppData\Local\Temp\npm-177488-599d1484\unpack-75a07b69\package.json'
39 error enoent This is most likely not a problem with npm itself
39 error enoent and is related to npm not being able to find a file.
40 verbose exit [ -4058, true ]
